<?xml version="1.0" encoding="UTF-8"?>
<!-- Generated by org.testng.reporters.JUnitReportReporter -->
<testsuite hostname="dell" failures="0" tests="1" name="Tests.Test_Script" time="15.615" errors="0" timestamp="2022-06-10T23:30:22 IST" skipped="0">
  <testcase classname="Tests.Test_Script" name="login" time="15.615"/>
  <system-out/>
</testsuite> <!-- Tests.Test_Script -->
