<?xml version="1.0" encoding="UTF-8"?>
<!-- Generated by org.testng.reporters.JUnitReportReporter -->
<testsuite hostname="dell" failures="0" tests="2" name="com.dignity.qa.tests.LoginPageTest" time="54.403" errors="0" timestamp="2022-07-27T22:12:07 IST" skipped="0">
  <testcase classname="com.dignity.qa.tests.LoginPageTest" name="verifyLoginTitleTest" time="15.357"/>
  <system-out/>
  <testcase classname="com.dignity.qa.tests.LoginPageTest" name="LoginTest" time="39.046"/>
  <system-out/>
</testsuite> <!-- com.dignity.qa.tests.LoginPageTest -->
