<?xml version="1.0" encoding="UTF-8"?>
<!-- Generated by org.testng.reporters.JUnitReportReporter -->
<testsuite hostname="dell" failures="0" tests="2" name="com.dignity.qa.tests.FindaDoctorTest" time="138.456" errors="0" timestamp="2022-07-27T17:15:33 IST" skipped="0">
  <testcase classname="com.dignity.qa.tests.FindaDoctorTest" name="ValidateCorrectUsernameTest" time="71.340"/>
  <system-out/>
  <testcase classname="com.dignity.qa.tests.FindaDoctorTest" name="doctorSearchTest" time="67.116"/>
  <system-out/>
</testsuite> <!-- com.dignity.qa.tests.FindaDoctorTest -->
