<?xml version="1.0" encoding="UTF-8"?>
<!-- Generated by org.testng.reporters.JUnitReportReporter -->
<testsuite hostname="dell" failures="0" tests="2" name="com.dignity.qa.tests.LoginPageTest" time="72.508" errors="0" timestamp="2022-07-18T21:01:43 IST" skipped="0">
  <testcase classname="com.dignity.qa.tests.LoginPageTest" name="verifyLoginTitleTest" time="15.451"/>
  <system-out/>
  <testcase classname="com.dignity.qa.tests.LoginPageTest" name="LoginTest" time="57.057"/>
  <system-out/>
</testsuite> <!-- com.dignity.qa.tests.LoginPageTest -->
