<?xml version="1.0" encoding="UTF-8"?>
<!-- Generated by org.testng.reporters.JUnitReportReporter -->
<testsuite hostname="dell" failures="0" tests="2" name="com.dignity.qa.tests.FindaDoctorTest" time="125.383" errors="0" timestamp="2022-07-18T21:01:43 IST" skipped="0">
  <testcase classname="com.dignity.qa.tests.FindaDoctorTest" name="ValidateCorrectUsernameTest" time="55.835"/>
  <system-out/>
  <testcase classname="com.dignity.qa.tests.FindaDoctorTest" name="doctorSearchTest" time="69.548"/>
  <system-out/>
</testsuite> <!-- com.dignity.qa.tests.FindaDoctorTest -->
