<?xml version="1.0" encoding="UTF-8"?>
<!-- Generated by org.testng.reporters.JUnitReportReporter -->
<testsuite hostname="dell" failures="0" tests="2" name="com.dignity.qa.tests.FindaDoctorTest" time="146.475" errors="0" timestamp="2022-07-28T17:42:43 IST" skipped="0">
  <testcase classname="com.dignity.qa.tests.FindaDoctorTest" name="ValidateCorrectUsernameTest" time="56.835"/>
  <system-out/>
  <testcase classname="com.dignity.qa.tests.FindaDoctorTest" name="doctorSearchTest" time="89.640"/>
  <system-out/>
</testsuite> <!-- com.dignity.qa.tests.FindaDoctorTest -->
